This file contains any messages produced by compilers while
running configure, to aid debugging if configure makes a mistake.

It was created by yandex-fotki-sharing-plugin configure 0.1, which was
generated by GNU Autoconf 2.64.  Invocation command line was

  $ ./configure 

## --------- ##
## Platform. ##
## --------- ##

hostname = hitobook
uname -m = arm
uname -r = 2.6.31-17-generic
uname -s = Linux
uname -v = #54-Ubuntu SMP Thu Dec 10 16:20:31 UTC 2009

/usr/bin/uname -p = unknown
/bin/uname -X     = unknown

/bin/arch              = arm
/usr/bin/arch -k       = arm
/usr/convex/getsysinfo = unknown
/usr/bin/hostinfo      = unknown
/bin/machine           = unknown
/usr/bin/oslevel       = unknown
/bin/universe          = unknown

PATH: /host_usr/bin
PATH: /scratchbox/devkits/git/bin
PATH: /scratchbox/devkits/svn/bin
PATH: /scratchbox/devkits/doctools/bin
PATH: /scratchbox/devkits/qemu/bin
PATH: /scratchbox/devkits/debian-etch/bin
PATH: /scratchbox/devkits/perl/bin
PATH: /scratchbox/tools/bin
PATH: /targets/links/arch_tools/bin
PATH: /scratchbox/compilers/bin
PATH: /bin
PATH: /usr/bin
PATH: /usr/local/bin
PATH: /usr/X11R6/bin
PATH: /sbin
PATH: /usr/sbin


## ----------- ##
## Core tests. ##
## ----------- ##

configure:2410: checking for a BSD-compatible install
configure:2478: result: /scratchbox/tools/bin/install -c
configure:2489: checking whether build environment is sane
configure:2539: result: yes
configure:2680: checking for a thread-safe mkdir -p
configure:2719: result: /scratchbox/tools/bin/mkdir -p
configure:2732: checking for gawk
configure:2748: found /scratchbox/tools/bin/gawk
configure:2759: result: gawk
configure:2770: checking whether make sets $(MAKE)
configure:2792: result: yes
configure:2874: checking whether to enable maintainer-specific portions of Makefiles
configure:2883: result: no
configure:2975: checking for style of include used by make
configure:3003: result: GNU
configure:3073: checking for gcc
configure:3089: found /scratchbox/compilers/bin/gcc
configure:3100: result: gcc
configure:3329: checking for C compiler version
configure:3338: gcc --version >&5
sbox-arm-none-linux-gnueabi-gcc (GCC) 4.2.1
Copyright (C) 2007 Free Software Foundation, Inc.
This is free software; see the source for copying conditions.  There is NO
warranty; not even for MERCHANTABILITY or FITNESS FOR A PARTICULAR PURPOSE.

configure:3349: $? = 0
configure:3338: gcc -v >&5
Using built-in specs.
Reading specs from /scratchbox/compilers/cs2007q3-glibc2.5-arm7/gcc.specs
rename spec cpp to old_cpp
rename spec cc1 to old_cc1
rename spec link to old_link
rename spec mflib to old_mflib
Target: arm-none-linux-gnueabi
Configured with: /home/jhakala/cs2007q3-sb7/arm/src/gcc-4.2/configure --build=i686-pc-linux-gnu --host=i686-pc-linux-gnu --target=arm-none-linux-gnueabi --enable-threads --disable-libmudflap --disable-libssp --disable-libgomp --disable-libstdcxx-pch --with-gnu-as --with-gnu-ld --enable-languages=c,c++ --enable-shared --enable-symvers=gnu --enable-__cxa_atexit --disable-nls --prefix=/opt/maemo --with-sysroot=/opt/maemo/arm-none-linux-gnueabi/libc --with-build-sysroot=/home/jhakala/cs2007q3-sb7/arm/install/arm-none-linux-gnueabi/libc --with-build-time-tools=/home/jhakala/cs2007q3-sb7/arm/install/arm-none-linux-gnueabi/bin
Thread model: posix
gcc version 4.2.1
configure:3349: $? = 0
configure:3338: gcc -V >&5
sbox-arm-none-linux-gnueabi-gcc: '-V' must come at the start of the command line
configure:3349: $? = 1
configure:3338: gcc -qversion >&5
sbox-arm-none-linux-gnueabi-gcc: unrecognized option '-qversion'
sbox-arm-none-linux-gnueabi-gcc: no input files
configure:3349: $? = 1
configure:3371: checking for C compiler default output file name
configure:3393: gcc -O0 -g   conftest.c  >&5
configure:3397: $? = 0
configure:3434: result: a.out
configure:3450: checking whether the C compiler works
configure:3459: ./a.out
configure:3463: $? = 0
configure:3478: result: yes
configure:3485: checking whether we are cross compiling
configure:3487: result: no
configure:3490: checking for suffix of executables
configure:3497: gcc -o conftest -O0 -g   conftest.c  >&5
configure:3501: $? = 0
configure:3523: result: 
configure:3529: checking for suffix of object files
configure:3551: gcc -c -O0 -g  conftest.c >&5
configure:3555: $? = 0
configure:3576: result: o
configure:3580: checking whether we are using the GNU C compiler
configure:3599: gcc -c -O0 -g  conftest.c >&5
configure:3599: $? = 0
configure:3608: result: yes
configure:3617: checking whether gcc accepts -g
configure:3637: gcc -c -g  conftest.c >&5
configure:3637: $? = 0
configure:3678: result: yes
configure:3695: checking for gcc option to accept ISO C89
configure:3759: gcc  -c -O0 -g  conftest.c >&5
configure:3759: $? = 0
configure:3772: result: none needed
configure:3794: checking dependency style of gcc
configure:3904: result: gcc3
configure:3920: checking for library containing strerror
configure:3951: gcc -o conftest -O0 -g   conftest.c  >&5
configure:3951: $? = 0
configure:3968: result: none required
configure:4034: checking for g++
configure:4050: found /scratchbox/compilers/bin/g++
configure:4061: result: g++
configure:4088: checking for C++ compiler version
configure:4097: g++ --version >&5
sbox-arm-none-linux-gnueabi-g++ (GCC) 4.2.1
Copyright (C) 2007 Free Software Foundation, Inc.
This is free software; see the source for copying conditions.  There is NO
warranty; not even for MERCHANTABILITY or FITNESS FOR A PARTICULAR PURPOSE.

configure:4108: $? = 0
configure:4097: g++ -v >&5
Using built-in specs.
Reading specs from /scratchbox/compilers/cs2007q3-glibc2.5-arm7/gcc.specs
rename spec cpp to old_cpp
rename spec cc1 to old_cc1
rename spec link to old_link
rename spec mflib to old_mflib
Target: arm-none-linux-gnueabi
Configured with: /home/jhakala/cs2007q3-sb7/arm/src/gcc-4.2/configure --build=i686-pc-linux-gnu --host=i686-pc-linux-gnu --target=arm-none-linux-gnueabi --enable-threads --disable-libmudflap --disable-libssp --disable-libgomp --disable-libstdcxx-pch --with-gnu-as --with-gnu-ld --enable-languages=c,c++ --enable-shared --enable-symvers=gnu --enable-__cxa_atexit --disable-nls --prefix=/opt/maemo --with-sysroot=/opt/maemo/arm-none-linux-gnueabi/libc --with-build-sysroot=/home/jhakala/cs2007q3-sb7/arm/install/arm-none-linux-gnueabi/libc --with-build-time-tools=/home/jhakala/cs2007q3-sb7/arm/install/arm-none-linux-gnueabi/bin
Thread model: posix
gcc version 4.2.1
configure:4108: $? = 0
configure:4097: g++ -V >&5
sbox-arm-none-linux-gnueabi-g++: argument to '-V' missing

configure:4108: $? = 1
configure:4097: g++ -qversion >&5
sbox-arm-none-linux-gnueabi-g++: unrecognized option '-qversion'
sbox-arm-none-linux-gnueabi-g++: no input files
configure:4108: $? = 1
configure:4112: checking whether we are using the GNU C++ compiler
configure:4131: g++ -c -O0 -g  conftest.cpp >&5
configure:4131: $? = 0
configure:4140: result: yes
configure:4149: checking whether g++ accepts -g
configure:4169: g++ -c -g  conftest.cpp >&5
configure:4169: $? = 0
configure:4210: result: yes
configure:4235: checking dependency style of g++
configure:4345: result: gcc3
configure:4365: checking how to run the C preprocessor
configure:4396: gcc -E  conftest.c
configure:4396: $? = 0
configure:4410: gcc -E  conftest.c
conftest.c:11:28: error: ac_nonexistent.h: No such file or directory
configure:4410: $? = 1
configure: failed program was:
| /* confdefs.h */
| #define PACKAGE_NAME "yandex-fotki-sharing-plugin"
| #define PACKAGE_TARNAME "yandex-fotki-sharing-plugin"
| #define PACKAGE_VERSION "0.1"
| #define PACKAGE_STRING "yandex-fotki-sharing-plugin 0.1"
| #define PACKAGE_BUGREPORT ""
| #define PACKAGE_URL ""
| #define PACKAGE "yandex-fotki-sharing-plugin"
| #define VERSION "0.1"
| /* end confdefs.h.  */
| #include <ac_nonexistent.h>
configure:4435: result: gcc -E
configure:4455: gcc -E  conftest.c
configure:4455: $? = 0
configure:4469: gcc -E  conftest.c
conftest.c:11:28: error: ac_nonexistent.h: No such file or directory
configure:4469: $? = 1
configure: failed program was:
| /* confdefs.h */
| #define PACKAGE_NAME "yandex-fotki-sharing-plugin"
| #define PACKAGE_TARNAME "yandex-fotki-sharing-plugin"
| #define PACKAGE_VERSION "0.1"
| #define PACKAGE_STRING "yandex-fotki-sharing-plugin 0.1"
| #define PACKAGE_BUGREPORT ""
| #define PACKAGE_URL ""
| #define PACKAGE "yandex-fotki-sharing-plugin"
| #define VERSION "0.1"
| /* end confdefs.h.  */
| #include <ac_nonexistent.h>
configure:4545: checking for gcc
configure:4572: result: gcc
configure:4801: checking for C compiler version
configure:4810: gcc --version >&5
sbox-arm-none-linux-gnueabi-gcc (GCC) 4.2.1
Copyright (C) 2007 Free Software Foundation, Inc.
This is free software; see the source for copying conditions.  There is NO
warranty; not even for MERCHANTABILITY or FITNESS FOR A PARTICULAR PURPOSE.

configure:4821: $? = 0
configure:4810: gcc -v >&5
Using built-in specs.
Reading specs from /scratchbox/compilers/cs2007q3-glibc2.5-arm7/gcc.specs
rename spec cpp to old_cpp
rename spec cc1 to old_cc1
rename spec link to old_link
rename spec mflib to old_mflib
Target: arm-none-linux-gnueabi
Configured with: /home/jhakala/cs2007q3-sb7/arm/src/gcc-4.2/configure --build=i686-pc-linux-gnu --host=i686-pc-linux-gnu --target=arm-none-linux-gnueabi --enable-threads --disable-libmudflap --disable-libssp --disable-libgomp --disable-libstdcxx-pch --with-gnu-as --with-gnu-ld --enable-languages=c,c++ --enable-shared --enable-symvers=gnu --enable-__cxa_atexit --disable-nls --prefix=/opt/maemo --with-sysroot=/opt/maemo/arm-none-linux-gnueabi/libc --with-build-sysroot=/home/jhakala/cs2007q3-sb7/arm/install/arm-none-linux-gnueabi/libc --with-build-time-tools=/home/jhakala/cs2007q3-sb7/arm/install/arm-none-linux-gnueabi/bin
Thread model: posix
gcc version 4.2.1
configure:4821: $? = 0
configure:4810: gcc -V >&5
sbox-arm-none-linux-gnueabi-gcc: '-V' must come at the start of the command line
configure:4821: $? = 1
configure:4810: gcc -qversion >&5
sbox-arm-none-linux-gnueabi-gcc: unrecognized option '-qversion'
sbox-arm-none-linux-gnueabi-gcc: no input files
configure:4821: $? = 1
configure:4825: checking whether we are using the GNU C compiler
configure:4853: result: yes
configure:4862: checking whether gcc accepts -g
configure:4923: result: yes
configure:4940: checking for gcc option to accept ISO C89
configure:5017: result: none needed
configure:5039: checking dependency style of gcc
configure:5149: result: gcc3
configure:5212: checking for gcc
configure:5239: result: gcc
configure:5468: checking for C compiler version
configure:5477: gcc --version >&5
sbox-arm-none-linux-gnueabi-gcc (GCC) 4.2.1
Copyright (C) 2007 Free Software Foundation, Inc.
This is free software; see the source for copying conditions.  There is NO
warranty; not even for MERCHANTABILITY or FITNESS FOR A PARTICULAR PURPOSE.

configure:5488: $? = 0
configure:5477: gcc -v >&5
Using built-in specs.
Reading specs from /scratchbox/compilers/cs2007q3-glibc2.5-arm7/gcc.specs
rename spec cpp to old_cpp
rename spec cc1 to old_cc1
rename spec link to old_link
rename spec mflib to old_mflib
Target: arm-none-linux-gnueabi
Configured with: /home/jhakala/cs2007q3-sb7/arm/src/gcc-4.2/configure --build=i686-pc-linux-gnu --host=i686-pc-linux-gnu --target=arm-none-linux-gnueabi --enable-threads --disable-libmudflap --disable-libssp --disable-libgomp --disable-libstdcxx-pch --with-gnu-as --with-gnu-ld --enable-languages=c,c++ --enable-shared --enable-symvers=gnu --enable-__cxa_atexit --disable-nls --prefix=/opt/maemo --with-sysroot=/opt/maemo/arm-none-linux-gnueabi/libc --with-build-sysroot=/home/jhakala/cs2007q3-sb7/arm/install/arm-none-linux-gnueabi/libc --with-build-time-tools=/home/jhakala/cs2007q3-sb7/arm/install/arm-none-linux-gnueabi/bin
Thread model: posix
gcc version 4.2.1
configure:5488: $? = 0
configure:5477: gcc -V >&5
sbox-arm-none-linux-gnueabi-gcc: '-V' must come at the start of the command line
configure:5488: $? = 1
configure:5477: gcc -qversion >&5
sbox-arm-none-linux-gnueabi-gcc: unrecognized option '-qversion'
sbox-arm-none-linux-gnueabi-gcc: no input files
configure:5488: $? = 1
configure:5492: checking whether we are using the GNU C compiler
configure:5520: result: yes
configure:5529: checking whether gcc accepts -g
configure:5590: result: yes
configure:5607: checking for gcc option to accept ISO C89
configure:5684: result: none needed
configure:5706: checking dependency style of gcc
configure:5816: result: gcc3
configure:5835: checking for grep that handles long lines and -e
configure:5893: result: /scratchbox/tools/bin/grep
configure:5898: checking for egrep
configure:5960: result: /scratchbox/tools/bin/grep -E
configure:5965: checking for ANSI C header files
configure:5985: gcc -c -O0 -g  conftest.c >&5
configure:5985: $? = 0
configure:6055: gcc -o conftest -O0 -g   conftest.c  >&5
configure:6055: $? = 0
configure:6055: ./conftest
configure:6055: $? = 0
configure:6066: result: yes
configure:6075: checking whether ln -s works
configure:6079: result: yes
configure:6086: checking whether make sets $(MAKE)
configure:6108: result: yes
configure:6146: checking build system type
configure:6160: result: arm-unknown-linux-gnueabi
configure:6180: checking host system type
configure:6193: result: arm-unknown-linux-gnueabi
configure:6213: checking for a sed that does not truncate output
configure:6277: result: /scratchbox/tools/bin/sed
configure:6295: checking for fgrep
configure:6357: result: /scratchbox/tools/bin/grep -F
configure:6392: checking for ld used by gcc
configure:6459: result: /scratchbox/compilers/cs2007q3-glibc2.5-arm7/arm-none-linux-gnueabi/bin/ld
configure:6466: checking if the linker (/scratchbox/compilers/cs2007q3-glibc2.5-arm7/arm-none-linux-gnueabi/bin/ld) is GNU ld
configure:6481: result: yes
configure:6493: checking for BSD- or MS-compatible name lister (nm)
configure:6542: result: /scratchbox/compilers/bin/nm -B
configure:6660: checking the name lister (/scratchbox/compilers/bin/nm -B) interface
configure:6670: gcc -c -O0 -g  conftest.c >&5
configure:6673: /scratchbox/compilers/bin/nm -B "conftest.o"
configure:6676: output
00000000 B some_variable
configure:6680: result: BSD nm
configure:6684: checking the maximum length of command line arguments
configure:6804: result: 98304
configure:6821: checking whether the shell understands some XSI constructs
configure:6831: result: yes
configure:6835: checking whether the shell understands "+="
configure:6841: result: no
configure:6876: checking for /scratchbox/compilers/cs2007q3-glibc2.5-arm7/arm-none-linux-gnueabi/bin/ld option to reload object files
configure:6883: result: -r
configure:6952: checking for objdump
configure:6968: found /scratchbox/compilers/bin/objdump
configure:6979: result: objdump
configure:7011: checking how to recognize dependent libraries
configure:7207: result: pass_all
configure:7267: checking for ar
configure:7283: found /scratchbox/compilers/bin/ar
configure:7294: result: ar
configure:7372: checking for strip
configure:7388: found /scratchbox/compilers/bin/strip
configure:7399: result: strip
configure:7471: checking for ranlib
configure:7487: found /scratchbox/compilers/bin/ranlib
configure:7498: result: ranlib
configure:7588: checking command to parse /scratchbox/compilers/bin/nm -B output from gcc object
configure:7706: gcc -c -O0 -g  conftest.c >&5
configure:7709: $? = 0
configure:7713: /scratchbox/compilers/bin/nm -B conftest.o \| sed -n -e 's/^.*[	 ]\([ABCDGIRSTW][ABCDGIRSTW]*\)[	 ][	 ]*\([_A-Za-z][_A-Za-z0-9]*\)$/\1 \2 \2/p' \> conftest.nm
configure:7716: $? = 0
configure:7770: gcc -o conftest -O0 -g   conftest.c conftstm.o >&5
configure:7773: $? = 0
configure:7811: result: ok
configure:8619: checking for sys/types.h
configure:8619: gcc -c -O0 -g  conftest.c >&5
configure:8619: $? = 0
configure:8619: result: yes
configure:8619: checking for sys/stat.h
configure:8619: gcc -c -O0 -g  conftest.c >&5
configure:8619: $? = 0
configure:8619: result: yes
configure:8619: checking for stdlib.h
configure:8619: gcc -c -O0 -g  conftest.c >&5
configure:8619: $? = 0
configure:8619: result: yes
configure:8619: checking for string.h
configure:8619: gcc -c -O0 -g  conftest.c >&5
configure:8619: $? = 0
configure:8619: result: yes
configure:8619: checking for memory.h
configure:8619: gcc -c -O0 -g  conftest.c >&5
configure:8619: $? = 0
configure:8619: result: yes
configure:8619: checking for strings.h
configure:8619: gcc -c -O0 -g  conftest.c >&5
configure:8619: $? = 0
configure:8619: result: yes
configure:8619: checking for inttypes.h
configure:8619: gcc -c -O0 -g  conftest.c >&5
configure:8619: $? = 0
configure:8619: result: yes
configure:8619: checking for stdint.h
configure:8619: gcc -c -O0 -g  conftest.c >&5
configure:8619: $? = 0
configure:8619: result: yes
configure:8619: checking for unistd.h
configure:8619: gcc -c -O0 -g  conftest.c >&5
configure:8619: $? = 0
configure:8619: result: yes
configure:8634: checking for dlfcn.h
configure:8634: gcc -c -O0 -g  conftest.c >&5
configure:8634: $? = 0
configure:8634: result: yes
configure:8759: checking for C++ compiler version
configure:8768: g++ --version >&5
sbox-arm-none-linux-gnueabi-g++ (GCC) 4.2.1
Copyright (C) 2007 Free Software Foundation, Inc.
This is free software; see the source for copying conditions.  There is NO
warranty; not even for MERCHANTABILITY or FITNESS FOR A PARTICULAR PURPOSE.

configure:8779: $? = 0
configure:8768: g++ -v >&5
Using built-in specs.
Reading specs from /scratchbox/compilers/cs2007q3-glibc2.5-arm7/gcc.specs
rename spec cpp to old_cpp
rename spec cc1 to old_cc1
rename spec link to old_link
rename spec mflib to old_mflib
Target: arm-none-linux-gnueabi
Configured with: /home/jhakala/cs2007q3-sb7/arm/src/gcc-4.2/configure --build=i686-pc-linux-gnu --host=i686-pc-linux-gnu --target=arm-none-linux-gnueabi --enable-threads --disable-libmudflap --disable-libssp --disable-libgomp --disable-libstdcxx-pch --with-gnu-as --with-gnu-ld --enable-languages=c,c++ --enable-shared --enable-symvers=gnu --enable-__cxa_atexit --disable-nls --prefix=/opt/maemo --with-sysroot=/opt/maemo/arm-none-linux-gnueabi/libc --with-build-sysroot=/home/jhakala/cs2007q3-sb7/arm/install/arm-none-linux-gnueabi/libc --with-build-time-tools=/home/jhakala/cs2007q3-sb7/arm/install/arm-none-linux-gnueabi/bin
Thread model: posix
gcc version 4.2.1
configure:8779: $? = 0
configure:8768: g++ -V >&5
sbox-arm-none-linux-gnueabi-g++: argument to '-V' missing

configure:8779: $? = 1
configure:8768: g++ -qversion >&5
sbox-arm-none-linux-gnueabi-g++: unrecognized option '-qversion'
sbox-arm-none-linux-gnueabi-g++: no input files
configure:8779: $? = 1
configure:8783: checking whether we are using the GNU C++ compiler
configure:8811: result: yes
configure:8820: checking whether g++ accepts -g
configure:8881: result: yes
configure:8906: checking dependency style of g++
configure:9016: result: gcc3
configure:9039: checking how to run the C++ preprocessor
configure:9066: g++ -E  conftest.cpp
configure:9066: $? = 0
configure:9080: g++ -E  conftest.cpp
conftest.cpp:22:28: error: ac_nonexistent.h: No such file or directory
configure:9080: $? = 1
configure: failed program was:
| /* confdefs.h */
| #define PACKAGE_NAME "yandex-fotki-sharing-plugin"
| #define PACKAGE_TARNAME "yandex-fotki-sharing-plugin"
| #define PACKAGE_VERSION "0.1"
| #define PACKAGE_STRING "yandex-fotki-sharing-plugin 0.1"
| #define PACKAGE_BUGREPORT ""
| #define PACKAGE_URL ""
| #define PACKAGE "yandex-fotki-sharing-plugin"
| #define VERSION "0.1"
| #define STDC_HEADERS 1
| #define HAVE_SYS_TYPES_H 1
| #define HAVE_SYS_STAT_H 1
| #define HAVE_STDLIB_H 1
| #define HAVE_STRING_H 1
| #define HAVE_MEMORY_H 1
| #define HAVE_STRINGS_H 1
| #define HAVE_INTTYPES_H 1
| #define HAVE_STDINT_H 1
| #define HAVE_UNISTD_H 1
| #define HAVE_DLFCN_H 1
| /* end confdefs.h.  */
| #include <ac_nonexistent.h>
configure:9105: result: g++ -E
configure:9125: g++ -E  conftest.cpp
configure:9125: $? = 0
configure:9139: g++ -E  conftest.cpp
conftest.cpp:22:28: error: ac_nonexistent.h: No such file or directory
configure:9139: $? = 1
configure: failed program was:
| /* confdefs.h */
| #define PACKAGE_NAME "yandex-fotki-sharing-plugin"
| #define PACKAGE_TARNAME "yandex-fotki-sharing-plugin"
| #define PACKAGE_VERSION "0.1"
| #define PACKAGE_STRING "yandex-fotki-sharing-plugin 0.1"
| #define PACKAGE_BUGREPORT ""
| #define PACKAGE_URL ""
| #define PACKAGE "yandex-fotki-sharing-plugin"
| #define VERSION "0.1"
| #define STDC_HEADERS 1
| #define HAVE_SYS_TYPES_H 1
| #define HAVE_SYS_STAT_H 1
| #define HAVE_STDLIB_H 1
| #define HAVE_STRING_H 1
| #define HAVE_MEMORY_H 1
| #define HAVE_STRINGS_H 1
| #define HAVE_INTTYPES_H 1
| #define HAVE_STDINT_H 1
| #define HAVE_UNISTD_H 1
| #define HAVE_DLFCN_H 1
| /* end confdefs.h.  */
| #include <ac_nonexistent.h>
configure:9285: checking for objdir
configure:9300: result: .libs
configure:9592: checking if gcc supports -fno-rtti -fno-exceptions
configure:9613: gcc -c -O0 -g  -fno-rtti -fno-exceptions conftest.c >&5
cc1: warning: command line option "-fno-rtti" is valid for C++/ObjC++ but not for C
cc1: warning: command line option "-fno-rtti" is valid for C++/ObjC++ but not for C
configure:9617: $? = 0
configure:9627: result: no
configure:9647: checking for gcc option to produce PIC
configure:9919: result: -fPIC -DPIC
configure:9931: checking if gcc PIC flag -fPIC -DPIC works
configure:9952: gcc -c -O0 -g  -fPIC -DPIC -DPIC conftest.c >&5
configure:9956: $? = 0
configure:9966: result: yes
configure:9990: checking if gcc static flag -static works
configure:10018: result: yes
configure:10033: checking if gcc supports -c -o file.o
configure:10057: gcc -c -O0 -g  -o out/conftest2.o conftest.c >&5
configure:10061: $? = 0
configure:10080: result: yes
configure:10088: checking if gcc supports -c -o file.o
configure:10135: result: yes
configure:10168: checking whether the gcc linker (/scratchbox/compilers/cs2007q3-glibc2.5-arm7/arm-none-linux-gnueabi/bin/ld) supports shared libraries
configure:11158: result: yes
configure:11195: checking whether -lc should be explicitly linked in
configure:11200: gcc -c -O0 -g  conftest.c >&5
configure:11203: $? = 0
configure:11218: gcc -shared conftest.o  -v -Wl,-soname -Wl,conftest -o conftest 2\>\&1 \| /scratchbox/tools/bin/grep  -lc  \>/dev/null 2\>\&1
configure:11221: $? = 0
configure:11233: result: no
configure:11397: checking dynamic linker characteristics
configure:11830: gcc -o conftest -O0 -g   -Wl,-rpath -Wl,/foo conftest.c  >&5
configure:11830: $? = 0
configure:12060: result: GNU/Linux ld.so
configure:12162: checking how to hardcode library paths into programs
configure:12187: result: immediate
configure:12707: checking whether stripping libraries is possible
configure:12712: result: yes
configure:12747: checking if libtool supports shared libraries
configure:12749: result: yes
configure:12752: checking whether to build shared libraries
configure:12773: result: yes
configure:12776: checking whether to build static libraries
configure:12780: result: no
configure:12930: checking for ld used by g++
configure:12997: result: /scratchbox/compilers/cs2007q3-glibc2.5-arm7/arm-none-linux-gnueabi/bin/ld
configure:13004: checking if the linker (/scratchbox/compilers/cs2007q3-glibc2.5-arm7/arm-none-linux-gnueabi/bin/ld) is GNU ld
configure:13019: result: yes
configure:13074: checking whether the g++ linker (/scratchbox/compilers/cs2007q3-glibc2.5-arm7/arm-none-linux-gnueabi/bin/ld) supports shared libraries
configure:13987: result: yes
configure:14015: g++ -c -O0 -g  conftest.cpp >&5
configure:14018: $? = 0
configure:14200: checking for g++ option to produce PIC
configure:14517: result: -fPIC -DPIC
configure:14526: checking if g++ PIC flag -fPIC -DPIC works
configure:14547: g++ -c -O0 -g  -fPIC -DPIC -DPIC conftest.cpp >&5
configure:14551: $? = 0
configure:14561: result: yes
configure:14582: checking if g++ static flag -static works
configure:14610: result: yes
configure:14622: checking if g++ supports -c -o file.o
configure:14646: g++ -c -O0 -g  -o out/conftest2.o conftest.cpp >&5
configure:14650: $? = 0
configure:14669: result: yes
configure:14674: checking if g++ supports -c -o file.o
configure:14721: result: yes
configure:14751: checking whether the g++ linker (/scratchbox/compilers/cs2007q3-glibc2.5-arm7/arm-none-linux-gnueabi/bin/ld) supports shared libraries
configure:14780: result: yes
configure:14917: checking dynamic linker characteristics
configure:15298: g++ -o conftest -O0 -g   -Wl,-rpath -Wl,/foo conftest.cpp  >&5
configure:15298: $? = 0
configure:15528: result: GNU/Linux ld.so
configure:15579: checking how to hardcode library paths into programs
configure:15604: result: immediate
configure:15729: checking for pkg-config
configure:15747: found /scratchbox/tools/bin/pkg-config
configure:15759: result: /scratchbox/tools/bin/pkg-config
configure:15784: checking pkg-config is at least version 0.9.0
configure:15787: result: yes
configure:15798: checking for PACKAGE
configure:15806: $PKG_CONFIG --exists --print-errors "glib-2.0 gtk+-2.0 libsharing conic libxml-2.0"
configure:15809: $? = 0
configure:15824: $PKG_CONFIG --exists --print-errors "glib-2.0 gtk+-2.0 libsharing conic libxml-2.0"
configure:15827: $? = 0
configure:15882: result: yes
configure:15891: checking for SHARING
configure:15899: $PKG_CONFIG --exists --print-errors "libsharing"
configure:15902: $? = 0
configure:15917: $PKG_CONFIG --exists --print-errors "libsharing"
configure:15920: $? = 0
configure:15975: result: yes
configure:15982: checking for SHARING
configure:16066: result: yes
configure:16125: checking for pkg-config
configure:16155: result: /scratchbox/tools/bin/pkg-config
configure:16180: checking pkg-config is at least version 0.9.0
configure:16183: result: yes
configure:16370: creating ./config.status

## ---------------------- ##
## Running config.status. ##
## ---------------------- ##

This file was extended by yandex-fotki-sharing-plugin config.status 0.1, which was
generated by GNU Autoconf 2.64.  Invocation command line was

  CONFIG_FILES    = 
  CONFIG_HEADERS  = 
  CONFIG_LINKS    = 
  CONFIG_COMMANDS = 
  $ ./config.status 

on hitobook

config.status:1141: creating Makefile
config.status:1141: creating data/Makefile
config.status:1141: creating data/yandex-fotki.service.xml
config.status:1141: creating src/Makefile
config.status:1141: creating config.h
config.status:1313: config.h is unchanged
config.status:1361: executing depfiles commands
config.status:1361: executing libtool commands

## ---------------- ##
## Cache variables. ##
## ---------------- ##

ac_cv_build=arm-unknown-linux-gnueabi
ac_cv_c_compiler_gnu=yes
ac_cv_cxx_compiler_gnu=yes
ac_cv_env_CCC_set=
ac_cv_env_CCC_value=
ac_cv_env_CC_set=
ac_cv_env_CC_value=
ac_cv_env_CFLAGS_set=set
ac_cv_env_CFLAGS_value='-O0 -g'
ac_cv_env_CPPFLAGS_set=
ac_cv_env_CPPFLAGS_value=
ac_cv_env_CPP_set=
ac_cv_env_CPP_value=
ac_cv_env_CXXCPP_set=
ac_cv_env_CXXCPP_value=
ac_cv_env_CXXFLAGS_set=set
ac_cv_env_CXXFLAGS_value='-O0 -g'
ac_cv_env_CXX_set=
ac_cv_env_CXX_value=
ac_cv_env_LDFLAGS_set=
ac_cv_env_LDFLAGS_value=
ac_cv_env_LIBS_set=
ac_cv_env_LIBS_value=
ac_cv_env_PACKAGE_CFLAGS_set=
ac_cv_env_PACKAGE_CFLAGS_value=
ac_cv_env_PACKAGE_LIBS_set=
ac_cv_env_PACKAGE_LIBS_value=
ac_cv_env_PKG_CONFIG_set=
ac_cv_env_PKG_CONFIG_value=
ac_cv_env_SHARING_CFLAGS_set=
ac_cv_env_SHARING_CFLAGS_value=
ac_cv_env_SHARING_LIBS_set=
ac_cv_env_SHARING_LIBS_value=
ac_cv_env_build_alias_set=
ac_cv_env_build_alias_value=
ac_cv_env_host_alias_set=
ac_cv_env_host_alias_value=
ac_cv_env_target_alias_set=
ac_cv_env_target_alias_value=
ac_cv_header_dlfcn_h=yes
ac_cv_header_inttypes_h=yes
ac_cv_header_memory_h=yes
ac_cv_header_stdc=yes
ac_cv_header_stdint_h=yes
ac_cv_header_stdlib_h=yes
ac_cv_header_string_h=yes
ac_cv_header_strings_h=yes
ac_cv_header_sys_stat_h=yes
ac_cv_header_sys_types_h=yes
ac_cv_header_unistd_h=yes
ac_cv_host=arm-unknown-linux-gnueabi
ac_cv_objext=o
ac_cv_path_EGREP='/scratchbox/tools/bin/grep -E'
ac_cv_path_FGREP='/scratchbox/tools/bin/grep -F'
ac_cv_path_GREP=/scratchbox/tools/bin/grep
ac_cv_path_SED=/scratchbox/tools/bin/sed
ac_cv_path_ac_pt_PKG_CONFIG=/scratchbox/tools/bin/pkg-config
ac_cv_path_install='/scratchbox/tools/bin/install -c'
ac_cv_path_mkdir=/scratchbox/tools/bin/mkdir
ac_cv_prog_AWK=gawk
ac_cv_prog_CPP='gcc -E'
ac_cv_prog_CXXCPP='g++ -E'
ac_cv_prog_ac_ct_AR=ar
ac_cv_prog_ac_ct_CC=gcc
ac_cv_prog_ac_ct_CXX=g++
ac_cv_prog_ac_ct_OBJDUMP=objdump
ac_cv_prog_ac_ct_RANLIB=ranlib
ac_cv_prog_ac_ct_STRIP=strip
ac_cv_prog_cc_c89=
ac_cv_prog_cc_g=yes
ac_cv_prog_cxx_g=yes
ac_cv_prog_make_make_set=yes
ac_cv_search_strerror='none required'
am_cv_CC_dependencies_compiler_type=gcc3
am_cv_CXX_dependencies_compiler_type=gcc3
am_cv_prog_cc_stdc=
lt_cv_deplibs_check_method=pass_all
lt_cv_file_magic_cmd='$MAGIC_CMD'
lt_cv_file_magic_test_file=
lt_cv_ld_reload_flag=-r
lt_cv_nm_interface='BSD nm'
lt_cv_objdir=.libs
lt_cv_path_LD=/scratchbox/compilers/cs2007q3-glibc2.5-arm7/arm-none-linux-gnueabi/bin/ld
lt_cv_path_LDCXX=/scratchbox/compilers/cs2007q3-glibc2.5-arm7/arm-none-linux-gnueabi/bin/ld
lt_cv_path_NM='/scratchbox/compilers/bin/nm -B'
lt_cv_prog_compiler_c_o=yes
lt_cv_prog_compiler_c_o_CXX=yes
lt_cv_prog_compiler_pic_works=yes
lt_cv_prog_compiler_pic_works_CXX=yes
lt_cv_prog_compiler_rtti_exceptions=no
lt_cv_prog_compiler_static_works=yes
lt_cv_prog_compiler_static_works_CXX=yes
lt_cv_prog_gnu_ld=yes
lt_cv_prog_gnu_ldcxx=yes
lt_cv_sys_global_symbol_pipe='sed -n -e '\''s/^.*[	 ]\([ABCDGIRSTW][ABCDGIRSTW]*\)[	 ][	 ]*\([_A-Za-z][_A-Za-z0-9]*\)$/\1 \2 \2/p'\'''
lt_cv_sys_global_symbol_to_c_name_address='sed -n -e '\''s/^: \([^ ]*\) $/  {\"\1\", (void *) 0},/p'\'' -e '\''s/^[ABCDGIRSTW]* \([^ ]*\) \([^ ]*\)$/  {"\2", (void *) \&\2},/p'\'''
lt_cv_sys_global_symbol_to_c_name_address_lib_prefix='sed -n -e '\''s/^: \([^ ]*\) $/  {\"\1\", (void *) 0},/p'\'' -e '\''s/^[ABCDGIRSTW]* \([^ ]*\) \(lib[^ ]*\)$/  {"\2", (void *) \&\2},/p'\'' -e '\''s/^[ABCDGIRSTW]* \([^ ]*\) \([^ ]*\)$/  {"lib\2", (void *) \&\2},/p'\'''
lt_cv_sys_global_symbol_to_cdecl='sed -n -e '\''s/^T .* \(.*\)$/extern int \1();/p'\'' -e '\''s/^[ABCDGIRSTW]* .* \(.*\)$/extern char \1;/p'\'''
lt_cv_sys_max_cmd_len=98304
pkg_cv_PACKAGE_CFLAGS='-DMAEMO_CHANGES -I/usr/include/glib-2.0 -I/usr/lib/glib-2.0/include -I/usr/include/gtk-2.0 -I/usr/lib/gtk-2.0/include -I/usr/include/atk-1.0 -I/usr/include/cairo -I/usr/include/pango-1.0 -I/usr/include/pixman-1 -I/usr/include/freetype2 -I/usr/include/libpng12 -I/usr/include/libsharing -I/usr/include/conic -I/usr/include/dbus-1.0 -I/usr/lib/dbus-1.0/include -I/usr/include/libxml2  '
pkg_cv_PACKAGE_LIBS='-lgtk-x11-2.0 -lgdk-x11-2.0 -latk-1.0 -lgio-2.0 -lpangoft2-1.0 -lgdk_pixbuf-2.0 -lpangocairo-1.0 -lcairo -lpango-1.0 -lfreetype -lfontconfig -lgmodule-2.0 -lsharing -lconic -ldbus-1 -lpthread -lgobject-2.0 -lglib-2.0 -lxml2  '
pkg_cv_SHARING_CFLAGS='-I/usr/include/libsharing -I/usr/include/glib-2.0 -I/usr/lib/glib-2.0/include -I/usr/include/conic -I/usr/include/dbus-1.0 -I/usr/lib/dbus-1.0/include  '
pkg_cv_SHARING_LIBS='-lsharing -lconic -ldbus-1 -lpthread -lgobject-2.0 -lglib-2.0  '

## ----------------- ##
## Output variables. ##
## ----------------- ##

ACLOCAL='${SHELL} /home/hitosu/workspace/yandex-fotki-sharing-plugin/missing --run aclocal-1.11'
AMDEPBACKSLASH='\'
AMDEP_FALSE='#'
AMDEP_TRUE=''
AMTAR='${SHELL} /home/hitosu/workspace/yandex-fotki-sharing-plugin/missing --run tar'
AR='ar'
AUTOCONF='${SHELL} /home/hitosu/workspace/yandex-fotki-sharing-plugin/missing --run autoconf'
AUTOHEADER='${SHELL} /home/hitosu/workspace/yandex-fotki-sharing-plugin/missing --run autoheader'
AUTOMAKE='${SHELL} /home/hitosu/workspace/yandex-fotki-sharing-plugin/missing --run automake-1.11'
AWK='gawk'
CC='gcc'
CCDEPMODE='depmode=gcc3'
CFLAGS='-O0 -g -pedantic-errors -Wall -Wmissing-prototypes -Wcast-align -std=c99 -fgnu89-inline'
CPP='gcc -E'
CPPFLAGS=''
CXX='g++'
CXXCPP='g++ -E'
CXXDEPMODE='depmode=gcc3'
CXXFLAGS='-O0 -g'
CYGPATH_W='echo'
DEBUG_CFLAGS=''
DEFS='-DHAVE_CONFIG_H'
DEPDIR='.deps'
DSYMUTIL=''
DUMPBIN=''
ECHO_C=''
ECHO_N='-n'
ECHO_T=''
EGREP='/scratchbox/tools/bin/grep -E'
EXEEXT=''
FGREP='/scratchbox/tools/bin/grep -F'
GREP='/scratchbox/tools/bin/grep'
INSTALL_DATA='${INSTALL} -m 644'
INSTALL_PROGRAM='${INSTALL}'
INSTALL_SCRIPT='${INSTALL}'
INSTALL_STRIP_PROGRAM='$(install_sh) -c -s'
LD='/scratchbox/compilers/cs2007q3-glibc2.5-arm7/arm-none-linux-gnueabi/bin/ld'
LDFLAGS=''
LIBOBJS=''
LIBS=''
LIBTOOL='$(SHELL) $(top_builddir)/libtool'
LIPO=''
LN_S='ln -s'
LTLIBOBJS=''
MAINT='#'
MAINTAINER_MODE_FALSE=''
MAINTAINER_MODE_TRUE='#'
MAKEINFO='${SHELL} /home/hitosu/workspace/yandex-fotki-sharing-plugin/missing --run makeinfo'
MKDIR_P='/scratchbox/tools/bin/mkdir -p'
NM='/scratchbox/compilers/bin/nm -B'
NMEDIT=''
OBJDUMP='objdump'
OBJEXT='o'
OTOOL64=''
OTOOL=''
PACKAGE='yandex-fotki-sharing-plugin'
PACKAGE_BUGREPORT=''
PACKAGE_CFLAGS='-DMAEMO_CHANGES -I/usr/include/glib-2.0 -I/usr/lib/glib-2.0/include -I/usr/include/gtk-2.0 -I/usr/lib/gtk-2.0/include -I/usr/include/atk-1.0 -I/usr/include/cairo -I/usr/include/pango-1.0 -I/usr/include/pixman-1 -I/usr/include/freetype2 -I/usr/include/libpng12 -I/usr/include/libsharing -I/usr/include/conic -I/usr/include/dbus-1.0 -I/usr/lib/dbus-1.0/include -I/usr/include/libxml2  '
PACKAGE_LIBS='-lgtk-x11-2.0 -lgdk-x11-2.0 -latk-1.0 -lgio-2.0 -lpangoft2-1.0 -lgdk_pixbuf-2.0 -lpangocairo-1.0 -lcairo -lpango-1.0 -lfreetype -lfontconfig -lgmodule-2.0 -lsharing -lconic -ldbus-1 -lpthread -lgobject-2.0 -lglib-2.0 -lxml2  '
PACKAGE_LOCALE_DIR=''
PACKAGE_NAME='yandex-fotki-sharing-plugin'
PACKAGE_STRING='yandex-fotki-sharing-plugin 0.1'
PACKAGE_TARNAME='yandex-fotki-sharing-plugin'
PACKAGE_URL=''
PACKAGE_VERSION='0.1'
PATH_SEPARATOR=':'
PKG_CONFIG='/scratchbox/tools/bin/pkg-config'
RANLIB='ranlib'
SED='/scratchbox/tools/bin/sed'
SET_MAKE=''
SHARING_CFLAGS='-I/usr/include/libsharing -I/usr/include/glib-2.0 -I/usr/lib/glib-2.0/include -I/usr/include/conic -I/usr/include/dbus-1.0 -I/usr/lib/dbus-1.0/include  '
SHARING_LIBS='-lsharing -lconic -ldbus-1 -lpthread -lgobject-2.0 -lglib-2.0  '
SHELL='/bin/sh'
STRIP='strip'
VERSION='0.1'
ac_ct_CC='gcc'
ac_ct_CXX='g++'
ac_ct_DUMPBIN=''
am__EXEEXT_FALSE=''
am__EXEEXT_TRUE='#'
am__fastdepCC_FALSE='#'
am__fastdepCC_TRUE=''
am__fastdepCXX_FALSE='#'
am__fastdepCXX_TRUE=''
am__include='include'
am__isrc=''
am__leading_dot='.'
am__quote=''
am__tar='${AMTAR} chof - "$$tardir"'
am__untar='${AMTAR} xf -'
bindir='${exec_prefix}/bin'
build='arm-unknown-linux-gnueabi'
build_alias=''
build_cpu='arm'
build_os='linux-gnueabi'
build_vendor='unknown'
currentdir='/home/hitosu/workspace/yandex-fotki-sharing-plugin'
datadir='${datarootdir}'
datarootdir='${prefix}/share'
docdir='${datarootdir}/doc/${PACKAGE_TARNAME}'
dvidir='${docdir}'
exec_prefix='${prefix}'
host='arm-unknown-linux-gnueabi'
host_alias=''
host_cpu='arm'
host_os='linux-gnueabi'
host_vendor='unknown'
htmldir='${docdir}'
includedir='${prefix}/include'
infodir='${datarootdir}/info'
install_sh='${SHELL} /home/hitosu/workspace/yandex-fotki-sharing-plugin/install-sh'
libdir='${exec_prefix}/lib'
libexecdir='${exec_prefix}/libexec'
localedir='${datarootdir}/locale'
localstatedir='${prefix}/var'
lt_ECHO='echo'
mandir='${datarootdir}/man'
mkdir_p='/scratchbox/tools/bin/mkdir -p'
oldincludedir='/usr/include'
pdfdir='${docdir}'
pluginsdir='/usr/lib/sharing/plugins'
prefix='/usr/local'
program_transform_name='s,x,x,'
psdir='${docdir}'
sbindir='${exec_prefix}/sbin'
servicesdir='/usr/share/sharing/services'
sharedstatedir='${prefix}/com'
sysconfdir='${prefix}/etc'
target_alias=''

## ----------- ##
## confdefs.h. ##
## ----------- ##

/* confdefs.h */
#define PACKAGE_NAME "yandex-fotki-sharing-plugin"
#define PACKAGE_TARNAME "yandex-fotki-sharing-plugin"
#define PACKAGE_VERSION "0.1"
#define PACKAGE_STRING "yandex-fotki-sharing-plugin 0.1"
#define PACKAGE_BUGREPORT ""
#define PACKAGE_URL ""
#define PACKAGE "yandex-fotki-sharing-plugin"
#define VERSION "0.1"
#define STDC_HEADERS 1
#define HAVE_SYS_TYPES_H 1
#define HAVE_SYS_STAT_H 1
#define HAVE_STDLIB_H 1
#define HAVE_STRING_H 1
#define HAVE_MEMORY_H 1
#define HAVE_STRINGS_H 1
#define HAVE_INTTYPES_H 1
#define HAVE_STDINT_H 1
#define HAVE_UNISTD_H 1
#define HAVE_DLFCN_H 1
#define LT_OBJDIR ".libs/"
#define PACKAGE_LOCALE_DIR "/usr/local/share/locale"

configure: exit 0
